<?xml version="1.0" encoding="UTF-8"?>
<testsuite xmlns:xsi="http://www.w3.org/2001/XMLSchema-instance" xsi:noNamespaceSchemaLocation="https://maven.apache.org/surefire/maven-surefire-plugin/xsd/surefire-test-report.xsd" name="com.fabiogouw.canary.CanaryApplicationTests" time="0.463" tests="1" errors="1" skipped="0" failures="0">
  <properties>
[...]
</properties>
  <testcase name="initializationError" classname="com.fabiogouw.canary.CanaryApplicationTests" time="0.006">
    <error message="Unable to find a @SpringBootConfiguration, you need to use @ContextConfiguration or @SpringBootTest(classes=...) with your test" type="java.lang.IllegalStateException">java.lang.IllegalStateException: Unable to find a @SpringBootConfiguration, you need to use @ContextConfiguration or @SpringBootTest(classes=...) with your test
</error>
    <system-out><![CDATA[13:33:09.995 [main] DEBUG org.springframework.test.context.junit4.SpringJUnit4ClassRunner - SpringJUnit4ClassRunner constructor called with [class com.fabiogouw.canary.CanaryApplicationTests]
13:33:10.001 [main] DEBUG org.springframework.test.context.BootstrapUtils - Instantiating CacheAwareContextLoaderDelegate from class [org.springframework.test.context.cache.DefaultCacheAwareContextLoaderDelegate]
13:33:10.009 [main] DEBUG org.springframework.test.context.BootstrapUtils - Instantiating BootstrapContext using constructor [public org.springframework.test.context.support.DefaultBootstrapContext(java.lang.Class,org.springframework.test.context.CacheAwareContextLoaderDelegate)]
13:33:10.039 [main] DEBUG org.springframework.test.context.BootstrapUtils - Instantiating TestContextBootstrapper for test class [com.fabiogouw.canary.CanaryApplicationTests] from class [org.springframework.boot.test.context.SpringBootTestContextBootstrapper]
13:33:10.054 [main] INFO org.springframework.boot.test.context.SpringBootTestContextBootstrapper - Neither @ContextConfiguration nor @ContextHierarchy found for test class [com.fabiogouw.canary.CanaryApplicationTests], using SpringBootContextLoader
13:33:10.058 [main] DEBUG org.springframework.test.context.support.AbstractContextLoader - Did not detect default resource location for test class [com.fabiogouw.canary.CanaryApplicationTests]: class path resource [com/fabiogouw/canary/CanaryApplicationTests-context.xml] does not exist
13:33:10.059 [main] DEBUG org.springframework.test.context.support.AbstractContextLoader - Did not detect default resource location for test class [com.fabiogouw.canary.CanaryApplicationTests]: class path resource [com/fabiogouw/canary/CanaryApplicationTestsContext.groovy] does not exist
13:33:10.059 [main] INFO org.springframework.test.context.support.AbstractContextLoader - Could not detect default resource locations for test class [com.fabiogouw.canary.CanaryApplicationTests]: no resource found for suffixes {-context.xml, Context.groovy}.
13:33:10.061 [main] INFO org.springframework.test.context.support.AnnotationConfigContextLoaderUtils - Could not detect default configuration classes for test class [com.fabiogouw.canary.CanaryApplicationTests]: CanaryApplicationTests does not declare any static, non-private, non-final, nested classes annotated with @Configuration.
13:33:10.120 [main] DEBUG org.springframework.test.context.support.ActiveProfilesUtils - Could not find an 'annotation declaring class' for annotation type [org.springframework.test.context.ActiveProfiles] and class [com.fabiogouw.canary.CanaryApplicationTests]
]]></system-out>
  </testcase>
</testsuite>